# JRE version: OpenJDK Runtime Environment (11.0.10) (build 11.0.10+0-b96-7249189)
# Java VM: OpenJDK 64-Bit Server VM (11.0.10+0-b96-7249189, mixed mode, tiered, compressed oops, g1 gc, windows-amd64)
Heap:
 garbage-first heap   total 208896K, used 82411K [0x0000000084400000, 0x0000000100000000)
  region size 1024K, 7 young (7168K), 5 survivors (5120K)
 Metaspace       used 77166K, capacity 77795K, committed 77952K, reserved 1146880K
  class space    used 8210K, capacity 8473K, committed 8576K, reserved 1048576K
GC Heap History (20 events):
Event: 2.555 GC heap before
{Heap before GC invocations=3 (full 0):
 garbage-first heap   total 126976K, used 67863K [0x0000000084400000, 0x0000000100000000)
  region size 1024K, 55 young (56320K), 7 survivors (7168K)
 Metaspace       used 29782K, capacity 30239K, committed 30336K, reserved 1075200K
  class space    used 3518K, capacity 3704K, committed 3712K, reserved 1048576K
}
Event: 2.584 GC heap after
{Heap after GC invocations=4 (full 0):
 garbage-first heap   total 126976K, used 24683K [0x0000000084400000, 0x0000000100000000)
  region size 1024K, 7 young (7168K), 7 survivors (7168K)
 Metaspace       used 29782K, capacity 30239K, committed 30336K, reserved 1075200K
  class space    used 3518K, capacity 3704K, committed 3712K, reserved 1048576K
}
Event: 3.318 GC heap before
{Heap before GC invocations=4 (full 0):
 garbage-first heap   total 126976K, used 69739K [0x0000000084400000, 0x0000000100000000)
  region size 1024K, 47 young (48128K), 7 survivors (7168K)
 Metaspace       used 34888K, capacity 35361K, committed 35584K, reserved 1081344K
  class space    used 4074K, capacity 4256K, committed 4352K, reserved 1048576K
}
Event: 3.343 GC heap after
{Heap after GC invocations=5 (full 0):
 garbage-first heap   total 126976K, used 29696K [0x0000000084400000, 0x0000000100000000)
  region size 1024K, 6 young (6144K), 6 survivors (6144K)
 Metaspace       used 34888K, capacity 35361K, committed 35584K, reserved 1081344K
  class space    used 4074K, capacity 4256K, committed 4352K, reserved 1048576K
}
Event: 4.585 GC heap before
{Heap before GC invocations=6 (full 0):
 garbage-first heap   total 126976K, used 83968K [0x0000000084400000, 0x0000000100000000)
  region size 1024K, 57 young (58368K), 6 survivors (6144K)
 Metaspace       used 46009K, capacity 46575K, committed 46592K, reserved 1089536K
  class space    used 5415K, capacity 5621K, committed 5632K, reserved 1048576K
}
Event: 4.613 GC heap after
{Heap after GC invocations=7 (full 0):
 garbage-first heap   total 162816K, used 37376K [0x0000000084400000, 0x0000000100000000)
  region size 1024K, 6 young (6144K), 6 survivors (6144K)
 Metaspace       used 46009K, capacity 46575K, committed 46592K, reserved 1089536K
  class space    used 5415K, capacity 5621K, committed 5632K, reserved 1048576K
}
Event: 5.833 GC heap before
{Heap before GC invocations=8 (full 0):
 garbage-first heap   total 162816K, used 103936K [0x0000000084400000, 0x0000000100000000)
  region size 1024K, 70 young (71680K), 6 survivors (6144K)
 Metaspace       used 51061K, capacity 51663K, committed 51968K, reserved 1095680K
  class space    used 5861K, capacity 6094K, committed 6144K, reserved 1048576K
}
Event: 5.867 GC heap after
{Heap after GC invocations=9 (full 0):
 garbage-first heap   total 162816K, used 44696K [0x0000000084400000, 0x0000000100000000)
  region size 1024K, 8 young (8192K), 8 survivors (8192K)
 Metaspace       used 51061K, capacity 51663K, committed 51968K, reserved 1095680K
  class space    used 5861K, capacity 6094K, committed 6144K, reserved 1048576K
}
Event: 7.922 GC heap before
{Heap before GC invocations=9 (full 0):
 garbage-first heap   total 162816K, used 113304K [0x0000000084400000, 0x0000000100000000)
  region size 1024K, 75 young (76800K), 8 survivors (8192K)
 Metaspace       used 55496K, capacity 56090K, committed 56192K, reserved 1099776K
  class space    used 6232K, capacity 6473K, committed 6528K, reserved 1048576K
}
Event: 7.956 GC heap after
{Heap after GC invocations=10 (full 0):
 garbage-first heap   total 162816K, used 54447K [0x0000000084400000, 0x0000000100000000)
  region size 1024K, 10 young (10240K), 10 survivors (10240K)
 Metaspace       used 55496K, capacity 56090K, committed 56192K, reserved 1099776K
  class space    used 6232K, capacity 6473K, committed 6528K, reserved 1048576K
}
Event: 9.235 GC heap before
{Heap before GC invocations=10 (full 0):
 garbage-first heap   total 162816K, used 117935K [0x0000000084400000, 0x0000000100000000)
  region size 1024K, 71 young (72704K), 10 survivors (10240K)
 Metaspace       used 56899K, capacity 57545K, committed 57856K, reserved 1099776K
  class space    used 6343K, capacity 6593K, committed 6656K, reserved 1048576K
}
Event: 9.262 GC heap after
{Heap after GC invocations=11 (full 0):
 garbage-first heap   total 162816K, used 59904K [0x0000000084400000, 0x0000000100000000)
  region size 1024K, 6 young (6144K), 6 survivors (6144K)
 Metaspace       used 56899K, capacity 57545K, committed 57856K, reserved 1099776K
  class space    used 6343K, capacity 6593K, committed 6656K, reserved 1048576K
}
Event: 10.114 GC heap before
{Heap before GC invocations=11 (full 0):
 garbage-first heap   total 162816K, used 121344K [0x0000000084400000, 0x0000000100000000)
  region size 1024K, 66 young (67584K), 6 survivors (6144K)
 Metaspace       used 58531K, capacity 59177K, committed 59264K, reserved 1101824K
  class space    used 6473K, capacity 6728K, committed 6784K, reserved 1048576K
}
Event: 10.136 GC heap after
{Heap after GC invocations=12 (full 0):
 garbage-first heap   total 208896K, used 67335K [0x0000000084400000, 0x0000000100000000)
  region size 1024K, 7 young (7168K), 7 survivors (7168K)
 Metaspace       used 58531K, capacity 59177K, committed 59264K, reserved 1101824K
  class space    used 6473K, capacity 6728K, committed 6784K, reserved 1048576K
}
Event: 12.979 GC heap before
{Heap before GC invocations=12 (full 0):
 garbage-first heap   total 208896K, used 152327K [0x0000000084400000, 0x0000000100000000)
  region size 1024K, 90 young (92160K), 7 survivors (7168K)
 Metaspace       used 69055K, capacity 69764K, committed 70016K, reserved 1112064K
  class space    used 7450K, capacity 7696K, committed 7808K, reserved 1048576K
}
Event: 13.030 GC heap after
{Heap after GC invocations=13 (full 0):
 garbage-first heap   total 208896K, used 76343K [0x0000000084400000, 0x0000000100000000)
  region size 1024K, 9 young (9216K), 9 survivors (9216K)
 Metaspace       used 69055K, capacity 69764K, committed 70016K, reserved 1112064K
  class space    used 7450K, capacity 7696K, committed 7808K, reserved 1048576K
}
Event: 13.815 GC heap before
{Heap before GC invocations=13 (full 0):
 garbage-first heap   total 208896K, used 117303K [0x0000000084400000, 0x0000000100000000)
  region size 1024K, 50 young (51200K), 9 survivors (9216K)
 Metaspace       used 73871K, capacity 74483K, committed 74496K, reserved 1120256K
  class space    used 7954K, capacity 8181K, committed 8192K, reserved 1048576K
}
Event: 13.851 GC heap after
{Heap after GC invocations=14 (full 0):
 garbage-first heap   total 208896K, used 80165K [0x0000000084400000, 0x0000000100000000)
  region size 1024K, 4 young (4096K), 4 survivors (4096K)
 Metaspace       used 73871K, capacity 74483K, committed 74496K, reserved 1120256K
  class space    used 7954K, capacity 8181K, committed 8192K, reserved 1048576K
}
Event: 14.507 GC heap before
{Heap before GC invocations=15 (full 0):
 garbage-first heap   total 208896K, used 110885K [0x0000000084400000, 0x0000000100000000)
  region size 1024K, 35 young (35840K), 4 survivors (4096K)
 Metaspace       used 76884K, capacity 77507K, committed 77568K, reserved 1136640K
  class space    used 8188K, capacity 8441K, committed 8448K, reserved 1048576K
}
Event: 14.519 GC heap after
{Heap after GC invocations=16 (full 0):
 garbage-first heap   total 208896K, used 81387K [0x0000000084400000, 0x0000000100000000)
  region size 1024K, 5 young (5120K), 5 survivors (5120K)
 Metaspace       used 76884K, capacity 77507K, committed 77568K, reserved 1136640K
  class space    used 8188K, capacity 8441K, committed 8448K, reserved 1048576K
}

